{ name: 'SequelizeDatabaseError',
  parent:
   { error: column "nan" does not exist
       at Connection.parseE (/home/osboxes/WebstormProjects/nodejs-mentoring/node_modules/pg/lib/connection.js:604:13)
       at Connection.parseMessage (/home/osboxes/WebstormProjects/nodejs-mentoring/node_modules/pg/lib/connection.js:403:19)
       at Socket.<anonymous> (/home/osboxes/WebstormProjects/nodejs-mentoring/node_modules/pg/lib/connection.js:123:22)
       at Socket.emit (events.js:189:13)
       at Socket.EventEmitter.emit (domain.js:441:20)
       at addChunk (_stream_readable.js:284:12)
       at readableAddChunk (_stream_readable.js:265:11)
       at Socket.Readable.push (_stream_readable.js:220:10)
       at TCP.onStreamRead [as onread] (internal/stream_base_commons.js:94:17)
     name: 'error',
     length: 104,
     severity: 'ERROR',
     code: '42703',
     detail: undefined,
     hint: undefined,
     position: '145',
     internalPosition: undefined,
     internalQuery: undefined,
     where: undefined,
     schema: undefined,
     table: undefined,
     column: undefined,
     dataType: undefined,
     constraint: undefined,
     file: 'parse_relation.c',
     line: '3194',
     routine: 'errorMissingColumn',
     sql:
      'SELECT "id", "login", "password", "age", "isDeleted", "createdAt", "updatedAt" FROM "users" AS "User" WHERE "User"."login" LIKE \'%LOGIN%\' LIMIT NaN;',
     parameters: undefined },
  original:
   { error: column "nan" does not exist
       at Connection.parseE (/home/osboxes/WebstormProjects/nodejs-mentoring/node_modules/pg/lib/connection.js:604:13)
       at Connection.parseMessage (/home/osboxes/WebstormProjects/nodejs-mentoring/node_modules/pg/lib/connection.js:403:19)
       at Socket.<anonymous> (/home/osboxes/WebstormProjects/nodejs-mentoring/node_modules/pg/lib/connection.js:123:22)
       at Socket.emit (events.js:189:13)
       at Socket.EventEmitter.emit (domain.js:441:20)
       at addChunk (_stream_readable.js:284:12)
       at readableAddChunk (_stream_readable.js:265:11)
       at Socket.Readable.push (_stream_readable.js:220:10)
       at TCP.onStreamRead [as onread] (internal/stream_base_commons.js:94:17)
     name: 'error',
     length: 104,
     severity: 'ERROR',
     code: '42703',
     detail: undefined,
     hint: undefined,
     position: '145',
     internalPosition: undefined,
     internalQuery: undefined,
     where: undefined,
     schema: undefined,
     table: undefined,
     column: undefined,
     dataType: undefined,
     constraint: undefined,
     file: 'parse_relation.c',
     line: '3194',
     routine: 'errorMissingColumn',
     sql:
      'SELECT "id", "login", "password", "age", "isDeleted", "createdAt", "updatedAt" FROM "users" AS "User" WHERE "User"."login" LIKE \'%LOGIN%\' LIMIT NaN;',
     parameters: undefined },
  sql:
   'SELECT "id", "login", "password", "age", "isDeleted", "createdAt", "updatedAt" FROM "users" AS "User" WHERE "User"."login" LIKE \'%LOGIN%\' LIMIT NaN;',
  parameters: undefined,
  level: 'error',
  message:
   'InternalServerError: unhandledRejectioncolumn "nan" does not exist',
  stack:
   'SequelizeDatabaseError: column "nan" does not exist\n    at Query.formatError (/home/osboxes/WebstormProjects/nodejs-mentoring/node_modules/sequelize/lib/dialects/postgres/query.js:366:16)\n    at query.catch.err (/home/osboxes/WebstormProjects/nodejs-mentoring/node_modules/sequelize/lib/dialects/postgres/query.js:72:18)\n    at tryCatcher (/home/osboxes/WebstormProjects/nodejs-mentoring/node_modules/bluebird/js/release/util.js:16:23)\n    at Promise._settlePromiseFromHandler (/home/osboxes/WebstormProjects/nodejs-mentoring/node_modules/bluebird/js/release/promise.js:547:31)\n    at Promise._settlePromise (/home/osboxes/WebstormProjects/nodejs-mentoring/node_modules/bluebird/js/release/promise.js:604:18)\n    at Promise._settlePromise0 (/home/osboxes/WebstormProjects/nodejs-mentoring/node_modules/bluebird/js/release/promise.js:649:10)\n    at Promise._settlePromises (/home/osboxes/WebstormProjects/nodejs-mentoring/node_modules/bluebird/js/release/promise.js:725:18)\n    at _drainQueueStep (/home/osboxes/WebstormProjects/nodejs-mentoring/node_modules/bluebird/js/release/async.js:93:12)\n    at _drainQueue (/home/osboxes/WebstormProjects/nodejs-mentoring/node_modules/bluebird/js/release/async.js:86:9)\n    at Async._drainQueues (/home/osboxes/WebstormProjects/nodejs-mentoring/node_modules/bluebird/js/release/async.js:102:5)\n    at Immediate.Async.drainQueues [as _onImmediate] (/home/osboxes/WebstormProjects/nodejs-mentoring/node_modules/bluebird/js/release/async.js:15:14)\n    at runCallback (timers.js:705:18)\n    at tryOnImmediate (timers.js:676:5)\n    at processImmediate (timers.js:658:5)\n    at process.topLevelDomainCallback (domain.js:120:23)' }
{ level: 'error',
  message: 'InternalServerError: unhandledRejection' }
{ message: 'Error: Error: User not found', level: 'error' }
{ message:
   '[method: DELETE] [params: [object Object]] Error: [UsersService.deleteById] User not found',
  level: 'error' }
{ message:
   '[method: DELETE] [params: [object Object]] Error: User not found [UsersService.deleteById] [params: id = 6]',
  level: 'error' }
{ message:
   '[method: DELETE] Error: User not found [UsersService.deleteById] [params: id = 6]',
  level: 'error' }
{ message:
   '[method: DELETE] Error: User not found [UsersService.deleteById] [params: id = 9]',
  level: 'error' }
{ message:
   '[method: DELETE] Error: User not found [UsersService.deleteById] [params: id = 9]',
  level: 'error' }
{ message:
   '[method: DELETE] Error: User not found [UsersService.deleteById] [params: id = 9]',
  level: 'error' }
{ message:
   '[method: POST] SequelizeDatabaseError: operator does not exist: character varying = uuid',
  level: 'error' }
{ code: 'EADDRINUSE',
  errno: 'EADDRINUSE',
  syscall: 'listen',
  address: '::',
  port: 3000,
  level: 'error',
  message:
   'InternalServerError: uncaughtExceptionlisten EADDRINUSE: address already in use :::3000',
  stack:
   'Error: listen EADDRINUSE: address already in use :::3000\n    at Server.setupListenHandle [as _listen2] (net.js:1277:14)\n    at listenInCluster (net.js:1325:12)\n    at Server.listen (net.js:1412:7)\n    at Function.listen (/home/osboxes/WebstormProjects/nodejs-mentoring/node_modules/express/lib/application.js:618:24)\n    at database_1.default.sync.then (/home/osboxes/WebstormProjects/nodejs-mentoring/src/app.ts:28:17)\n    at tryCatcher (/home/osboxes/WebstormProjects/nodejs-mentoring/node_modules/bluebird/js/release/util.js:16:23)\n    at Promise._settlePromiseFromHandler (/home/osboxes/WebstormProjects/nodejs-mentoring/node_modules/bluebird/js/release/promise.js:547:31)\n    at Promise._settlePromise (/home/osboxes/WebstormProjects/nodejs-mentoring/node_modules/bluebird/js/release/promise.js:604:18)\n    at Promise._settlePromise0 (/home/osboxes/WebstormProjects/nodejs-mentoring/node_modules/bluebird/js/release/promise.js:649:10)\n    at Promise._settlePromises (/home/osboxes/WebstormProjects/nodejs-mentoring/node_modules/bluebird/js/release/promise.js:729:18)\n    at _drainQueueStep (/home/osboxes/WebstormProjects/nodejs-mentoring/node_modules/bluebird/js/release/async.js:93:12)\n    at _drainQueue (/home/osboxes/WebstormProjects/nodejs-mentoring/node_modules/bluebird/js/release/async.js:86:9)\n    at Async._drainQueues (/home/osboxes/WebstormProjects/nodejs-mentoring/node_modules/bluebird/js/release/async.js:102:5)\n    at Immediate.Async.drainQueues (/home/osboxes/WebstormProjects/nodejs-mentoring/node_modules/bluebird/js/release/async.js:15:14)\n    at runCallback (timers.js:705:18)\n    at tryOnImmediate (timers.js:676:5)\n    at processImmediate (timers.js:658:5)\n    at process.topLevelDomainCallback (domain.js:120:23)' }
{ code: 'EADDRINUSE',
  errno: 'EADDRINUSE',
  syscall: 'listen',
  address: '::',
  port: 3000,
  level: 'error',
  message:
   'InternalServerError: uncaughtExceptionlisten EADDRINUSE: address already in use :::3000',
  stack:
   'Error: listen EADDRINUSE: address already in use :::3000\n    at Server.setupListenHandle [as _listen2] (net.js:1277:14)\n    at listenInCluster (net.js:1325:12)\n    at Server.listen (net.js:1412:7)\n    at Function.listen (/home/osboxes/WebstormProjects/nodejs-mentoring/node_modules/express/lib/application.js:618:24)\n    at database_1.default.sync.then (/home/osboxes/WebstormProjects/nodejs-mentoring/src/app.ts:28:17)\n    at tryCatcher (/home/osboxes/WebstormProjects/nodejs-mentoring/node_modules/bluebird/js/release/util.js:16:23)\n    at Promise._settlePromiseFromHandler (/home/osboxes/WebstormProjects/nodejs-mentoring/node_modules/bluebird/js/release/promise.js:547:31)\n    at Promise._settlePromise (/home/osboxes/WebstormProjects/nodejs-mentoring/node_modules/bluebird/js/release/promise.js:604:18)\n    at Promise._settlePromise0 (/home/osboxes/WebstormProjects/nodejs-mentoring/node_modules/bluebird/js/release/promise.js:649:10)\n    at Promise._settlePromises (/home/osboxes/WebstormProjects/nodejs-mentoring/node_modules/bluebird/js/release/promise.js:729:18)\n    at _drainQueueStep (/home/osboxes/WebstormProjects/nodejs-mentoring/node_modules/bluebird/js/release/async.js:93:12)\n    at _drainQueue (/home/osboxes/WebstormProjects/nodejs-mentoring/node_modules/bluebird/js/release/async.js:86:9)\n    at Async._drainQueues (/home/osboxes/WebstormProjects/nodejs-mentoring/node_modules/bluebird/js/release/async.js:102:5)\n    at Immediate.Async.drainQueues (/home/osboxes/WebstormProjects/nodejs-mentoring/node_modules/bluebird/js/release/async.js:15:14)\n    at runCallback (timers.js:705:18)\n    at tryOnImmediate (timers.js:676:5)\n    at processImmediate (timers.js:658:5)\n    at process.topLevelDomainCallback (domain.js:120:23)' }
